This is ApacheBench, Version 2.3 <$Revision: 1706008 $>
Copyright 1996 Adam Twiss, Zeus Technology Ltd, http://www.zeustech.net/
Licensed to The Apache Software Foundation, http://www.apache.org/

Benchmarking localhost (be patient)
Completed 10000 requests
Completed 20000 requests
Completed 30000 requests
Completed 40000 requests
Completed 50000 requests
Completed 60000 requests
Completed 70000 requests
Completed 80000 requests
Completed 90000 requests
Completed 100000 requests
Finished 100000 requests


Server Software:        
Server Hostname:        localhost
Server Port:            3000

Document Path:          /hello-world
Document Length:        12 bytes

Concurrency Level:      10
Time taken for tests:   10.815 seconds
Complete requests:      100000
Failed requests:        0
Total transferred:      11000000 bytes
HTML transferred:       1200000 bytes
Requests per second:    9246.37 [#/sec] (mean)
Time per request:       1.082 [ms] (mean)
Time per request:       0.108 [ms] (mean, across all concurrent requests)
Transfer rate:          993.26 [Kbytes/sec] received

Connection Times (ms)
              min  mean[+/-sd] median   max
Connect:        0    0   0.0      0       0
Processing:     1    1   0.6      1      35
Waiting:        1    1   0.6      1      35
Total:          1    1   0.6      1      35

Percentage of the requests served within a certain time (ms)
  50%      1
  66%      1
  75%      1
  80%      1
  90%      1
  95%      1
  98%      2
  99%      4
 100%     35 (longest request)
