This is ApacheBench, Version 2.3 <$Revision: 1706008 $>
Copyright 1996 Adam Twiss, Zeus Technology Ltd, http://www.zeustech.net/
Licensed to The Apache Software Foundation, http://www.apache.org/

Benchmarking localhost (be patient)
Completed 1000 requests
Completed 2000 requests
Completed 3000 requests
Completed 4000 requests
Completed 5000 requests
Completed 6000 requests
Completed 7000 requests
Completed 8000 requests
Completed 9000 requests
Completed 10000 requests
Finished 10000 requests


Server Software:        Apache
Server Hostname:        localhost
Server Port:            80

Document Path:          /load-testing/db-get.php
Document Length:        87 bytes

Concurrency Level:      10
Time taken for tests:   0.751 seconds
Complete requests:      10000
Failed requests:        0
Total transferred:      2610000 bytes
HTML transferred:       870000 bytes
Requests per second:    13308.69 [#/sec] (mean)
Time per request:       0.751 [ms] (mean)
Time per request:       0.075 [ms] (mean, across all concurrent requests)
Transfer rate:          3392.16 [Kbytes/sec] received

Connection Times (ms)
              min  mean[+/-sd] median   max
Connect:        0    0   0.0      0       0
Processing:     0    1   0.3      1       7
Waiting:        0    1   0.3      1       6
Total:          0    1   0.3      1       7

Percentage of the requests served within a certain time (ms)
  50%      1
  66%      1
  75%      1
  80%      1
  90%      1
  95%      1
  98%      1
  99%      1
 100%      7 (longest request)
